<?xml version="1.0" encoding="UTF-8"?>
<testsuite xmlns:xsi="http://www.w3.org/2001/XMLSchema-instance" xsi:noNamespaceSchemaLocation="https://maven.apache.org/surefire/maven-surefire-plugin/xsd/surefire-test-report-3.0.xsd" version="3.0" name="specs.component.content.download.DownloadScreenshotSpec" time="413.288" tests="114" errors="0" skipped="0" failures="0">
  <properties>
[...]
</properties>
  <testcase name="Appearance of Component Variant: Default in XS" classname="specs.component.content.download.DownloadScreenshotSpec" time="2.995"/>
  <testcase name="Appearance of Component Variant: Default in SM" classname="specs.component.content.download.DownloadScreenshotSpec" time="2.457"/>
  <testcase name="Appearance of Component Variant: Default in MD" classname="specs.component.content.download.DownloadScreenshotSpec" time="2.795"/>
  <testcase name="Appearance of Component Variant: Default in LG" classname="specs.component.content.download.DownloadScreenshotSpec" time="2.849"/>
  <testcase name="Appearance of Component Variant: Default in XLG" classname="specs.component.content.download.DownloadScreenshotSpec" time="3.312"/>
  <testcase name="Appearance of Component Variant: Default in XXLG" classname="specs.component.content.download.DownloadScreenshotSpec" time="3.453"/>
  <testcase name="Appearance of Component Variant: Simple in XS" classname="specs.component.content.download.DownloadScreenshotSpec" time="2.706"/>
  <testcase name="Appearance of Component Variant: Simple in SM" classname="specs.component.content.download.DownloadScreenshotSpec" time="2.62"/>
  <testcase name="Appearance of Component Variant: Simple in MD" classname="specs.component.content.download.DownloadScreenshotSpec" time="3.448"/>
  <testcase name="Appearance of Component Variant: Simple in LG" classname="specs.component.content.download.DownloadScreenshotSpec" time="2.87"/>
  <testcase name="Appearance of Component Variant: Simple in XLG" classname="specs.component.content.download.DownloadScreenshotSpec" time="3.119"/>
  <testcase name="Appearance of Component Variant: Simple in XXLG" classname="specs.component.content.download.DownloadScreenshotSpec" time="3.769"/>
  <testcase name="Appearance of Component Variant: Card in XS" classname="specs.component.content.download.DownloadScreenshotSpec" time="2.871"/>
  <testcase name="Appearance of Component Variant: Card in SM" classname="specs.component.content.download.DownloadScreenshotSpec" time="2.626"/>
  <testcase name="Appearance of Component Variant: Card in MD" classname="specs.component.content.download.DownloadScreenshotSpec" time="2.78"/>
  <testcase name="Appearance of Component Variant: Card in LG" classname="specs.component.content.download.DownloadScreenshotSpec" time="3.077"/>
  <testcase name="Appearance of Component Variant: Card in XLG" classname="specs.component.content.download.DownloadScreenshotSpec" time="3.619"/>
  <testcase name="Appearance of Component Variant: Card in XXLG" classname="specs.component.content.download.DownloadScreenshotSpec" time="3.468"/>
  <testcase name="Appearance of Component Variant: Default with Licensed Image  in XS" classname="specs.component.content.download.DownloadScreenshotSpec" time="2.647"/>
  <testcase name="Appearance of Component Variant: Default with Licensed Image  in SM" classname="specs.component.content.download.DownloadScreenshotSpec" time="2.711"/>
  <testcase name="Appearance of Component Variant: Default with Licensed Image  in MD" classname="specs.component.content.download.DownloadScreenshotSpec" time="3.122"/>
  <testcase name="Appearance of Component Variant: Default with Licensed Image  in LG" classname="specs.component.content.download.DownloadScreenshotSpec" time="3.431"/>
  <testcase name="Appearance of Component Variant: Default with Licensed Image  in XLG" classname="specs.component.content.download.DownloadScreenshotSpec" time="3.211"/>
  <testcase name="Appearance of Component Variant: Default with Licensed Image  in XXLG" classname="specs.component.content.download.DownloadScreenshotSpec" time="3.145"/>
  <testcase name="Appearance of Component Variant: Simple with Licensed Image  in XS" classname="specs.component.content.download.DownloadScreenshotSpec" time="2.794"/>
  <testcase name="Appearance of Component Variant: Simple with Licensed Image  in SM" classname="specs.component.content.download.DownloadScreenshotSpec" time="2.713"/>
  <testcase name="Appearance of Component Variant: Simple with Licensed Image  in MD" classname="specs.component.content.download.DownloadScreenshotSpec" time="2.757"/>
  <testcase name="Appearance of Component Variant: Simple with Licensed Image  in LG" classname="specs.component.content.download.DownloadScreenshotSpec" time="3.15"/>
  <testcase name="Appearance of Component Variant: Simple with Licensed Image  in XLG" classname="specs.component.content.download.DownloadScreenshotSpec" time="3.29"/>
  <testcase name="Appearance of Component Variant: Simple with Licensed Image  in XXLG" classname="specs.component.content.download.DownloadScreenshotSpec" time="3.569"/>
  <testcase name="Appearance of Component Variant: Card with Licensed Image in XS" classname="specs.component.content.download.DownloadScreenshotSpec" time="2.623"/>
  <testcase name="Appearance of Component Variant: Card with Licensed Image in SM" classname="specs.component.content.download.DownloadScreenshotSpec" time="2.709"/>
  <testcase name="Appearance of Component Variant: Card with Licensed Image in MD" classname="specs.component.content.download.DownloadScreenshotSpec" time="2.862"/>
  <testcase name="Appearance of Component Variant: Card with Licensed Image in LG" classname="specs.component.content.download.DownloadScreenshotSpec" time="3.268"/>
  <testcase name="Appearance of Component Variant: Card with Licensed Image in XLG" classname="specs.component.content.download.DownloadScreenshotSpec" time="3.469"/>
  <testcase name="Appearance of Component Variant: Card with Licensed Image in XXLG" classname="specs.component.content.download.DownloadScreenshotSpec" time="3.583"/>
  <testcase name="Appearance of Component Variant: Default with Title and Description in XS" classname="specs.component.content.download.DownloadScreenshotSpec" time="2.102"/>
  <testcase name="Appearance of Component Variant: Default with Title and Description in SM" classname="specs.component.content.download.DownloadScreenshotSpec" time="2.982"/>
  <testcase name="Appearance of Component Variant: Default with Title and Description in MD" classname="specs.component.content.download.DownloadScreenshotSpec" time="2.741"/>
  <testcase name="Appearance of Component Variant: Default with Title and Description in LG" classname="specs.component.content.download.DownloadScreenshotSpec" time="3.234"/>
  <testcase name="Appearance of Component Variant: Default with Title and Description in XLG" classname="specs.component.content.download.DownloadScreenshotSpec" time="3.105"/>
  <testcase name="Appearance of Component Variant: Default with Title and Description in XXLG" classname="specs.component.content.download.DownloadScreenshotSpec" time="3.416"/>
  <testcase name="Appearance of Component Variant: Simple with Title and Description in XS" classname="specs.component.content.download.DownloadScreenshotSpec" time="2.555"/>
  <testcase name="Appearance of Component Variant: Simple with Title and Description in SM" classname="specs.component.content.download.DownloadScreenshotSpec" time="2.779"/>
  <testcase name="Appearance of Component Variant: Simple with Title and Description in MD" classname="specs.component.content.download.DownloadScreenshotSpec" time="2.594"/>
  <testcase name="Appearance of Component Variant: Simple with Title and Description in LG" classname="specs.component.content.download.DownloadScreenshotSpec" time="3.156"/>
  <testcase name="Appearance of Component Variant: Simple with Title and Description in XLG" classname="specs.component.content.download.DownloadScreenshotSpec" time="3.281"/>
  <testcase name="Appearance of Component Variant: Simple with Title and Description in XXLG" classname="specs.component.content.download.DownloadScreenshotSpec" time="3.603"/>
  <testcase name="Appearance of Component Variant: Card with Title and Description in XS" classname="specs.component.content.download.DownloadScreenshotSpec" time="2.843"/>
  <testcase name="Appearance of Component Variant: Card with Title and Description in SM" classname="specs.component.content.download.DownloadScreenshotSpec" time="2.842"/>
  <testcase name="Appearance of Component Variant: Card with Title and Description in MD" classname="specs.component.content.download.DownloadScreenshotSpec" time="2.609"/>
  <testcase name="Appearance of Component Variant: Card with Title and Description in LG" classname="specs.component.content.download.DownloadScreenshotSpec" time="3.004"/>
  <testcase name="Appearance of Component Variant: Card with Title and Description in XLG" classname="specs.component.content.download.DownloadScreenshotSpec" time="3.433"/>
  <testcase name="Appearance of Component Variant: Card with Title and Description in XXLG" classname="specs.component.content.download.DownloadScreenshotSpec" time="3.932"/>
  <testcase name="Appearance of Component Variant: Simple with Thumbnail Icon in XS" classname="specs.component.content.download.DownloadScreenshotSpec" time="2.908"/>
  <testcase name="Appearance of Component Variant: Simple with Thumbnail Icon in SM" classname="specs.component.content.download.DownloadScreenshotSpec" time="2.962"/>
  <testcase name="Appearance of Component Variant: Simple with Thumbnail Icon in MD" classname="specs.component.content.download.DownloadScreenshotSpec" time="3.178"/>
  <testcase name="Appearance of Component Variant: Simple with Thumbnail Icon in LG" classname="specs.component.content.download.DownloadScreenshotSpec" time="3.247"/>
  <testcase name="Appearance of Component Variant: Simple with Thumbnail Icon in XLG" classname="specs.component.content.download.DownloadScreenshotSpec" time="3.675"/>
  <testcase name="Appearance of Component Variant: Simple with Thumbnail Icon in XXLG" classname="specs.component.content.download.DownloadScreenshotSpec" time="3.66"/>
  <testcase name="Appearance of Component Variant: Card with Thumbnail Icon in XS" classname="specs.component.content.download.DownloadScreenshotSpec" time="2.986"/>
  <testcase name="Appearance of Component Variant: Card with Thumbnail Icon in SM" classname="specs.component.content.download.DownloadScreenshotSpec" time="3.205"/>
  <testcase name="Appearance of Component Variant: Card with Thumbnail Icon in MD" classname="specs.component.content.download.DownloadScreenshotSpec" time="3.082"/>
  <testcase name="Appearance of Component Variant: Card with Thumbnail Icon in LG" classname="specs.component.content.download.DownloadScreenshotSpec" time="3.318"/>
  <testcase name="Appearance of Component Variant: Card with Thumbnail Icon in XLG" classname="specs.component.content.download.DownloadScreenshotSpec" time="3.624"/>
  <testcase name="Appearance of Component Variant: Card with Thumbnail Icon in XXLG" classname="specs.component.content.download.DownloadScreenshotSpec" time="3.941"/>
  <testcase name="Appearance of Component Variant: Simple with Thumbnail using Asset DAM Rendition Icon in XS" classname="specs.component.content.download.DownloadScreenshotSpec" time="2.822"/>
  <testcase name="Appearance of Component Variant: Simple with Thumbnail using Asset DAM Rendition Icon in SM" classname="specs.component.content.download.DownloadScreenshotSpec" time="3.778"/>
  <testcase name="Appearance of Component Variant: Simple with Thumbnail using Asset DAM Rendition Icon in MD" classname="specs.component.content.download.DownloadScreenshotSpec" time="5.42"/>
  <testcase name="Appearance of Component Variant: Simple with Thumbnail using Asset DAM Rendition Icon in LG" classname="specs.component.content.download.DownloadScreenshotSpec" time="6.871"/>
  <testcase name="Appearance of Component Variant: Simple with Thumbnail using Asset DAM Rendition Icon in XLG" classname="specs.component.content.download.DownloadScreenshotSpec" time="6.88"/>
  <testcase name="Appearance of Component Variant: Simple with Thumbnail using Asset DAM Rendition Icon in XXLG" classname="specs.component.content.download.DownloadScreenshotSpec" time="6.822"/>
  <testcase name="Appearance of Component Variant: Card with Thumbnail using Asset DAM Rendition in XS" classname="specs.component.content.download.DownloadScreenshotSpec" time="2.883"/>
  <testcase name="Appearance of Component Variant: Card with Thumbnail using Asset DAM Rendition in SM" classname="specs.component.content.download.DownloadScreenshotSpec" time="3.654"/>
  <testcase name="Appearance of Component Variant: Card with Thumbnail using Asset DAM Rendition in MD" classname="specs.component.content.download.DownloadScreenshotSpec" time="5.43"/>
  <testcase name="Appearance of Component Variant: Card with Thumbnail using Asset DAM Rendition in LG" classname="specs.component.content.download.DownloadScreenshotSpec" time="6.59"/>
  <testcase name="Appearance of Component Variant: Card with Thumbnail using Asset DAM Rendition in XLG" classname="specs.component.content.download.DownloadScreenshotSpec" time="7.045"/>
  <testcase name="Appearance of Component Variant: Card with Thumbnail using Asset DAM Rendition in XXLG" classname="specs.component.content.download.DownloadScreenshotSpec" time="7.025"/>
  <testcase name="Appearance of Component Variant: Simple with Thumbnail using Thumbnail DAM Rendition in XS" classname="specs.component.content.download.DownloadScreenshotSpec" time="2.813"/>
  <testcase name="Appearance of Component Variant: Simple with Thumbnail using Thumbnail DAM Rendition in SM" classname="specs.component.content.download.DownloadScreenshotSpec" time="3.734"/>
  <testcase name="Appearance of Component Variant: Simple with Thumbnail using Thumbnail DAM Rendition in MD" classname="specs.component.content.download.DownloadScreenshotSpec" time="3.487"/>
  <testcase name="Appearance of Component Variant: Simple with Thumbnail using Thumbnail DAM Rendition in LG" classname="specs.component.content.download.DownloadScreenshotSpec" time="3.806"/>
  <testcase name="Appearance of Component Variant: Simple with Thumbnail using Thumbnail DAM Rendition in XLG" classname="specs.component.content.download.DownloadScreenshotSpec" time="4.203"/>
  <testcase name="Appearance of Component Variant: Simple with Thumbnail using Thumbnail DAM Rendition in XXLG" classname="specs.component.content.download.DownloadScreenshotSpec" time="4.733"/>
  <testcase name="Appearance of Component Variant: Card with Thumbnail using Thumbnail DAM Rendition in XS" classname="specs.component.content.download.DownloadScreenshotSpec" time="2.899"/>
  <testcase name="Appearance of Component Variant: Card with Thumbnail using Thumbnail DAM Rendition in SM" classname="specs.component.content.download.DownloadScreenshotSpec" time="2.85"/>
  <testcase name="Appearance of Component Variant: Card with Thumbnail using Thumbnail DAM Rendition in MD" classname="specs.component.content.download.DownloadScreenshotSpec" time="3.338"/>
  <testcase name="Appearance of Component Variant: Card with Thumbnail using Thumbnail DAM Rendition in LG" classname="specs.component.content.download.DownloadScreenshotSpec" time="3.873"/>
  <testcase name="Appearance of Component Variant: Card with Thumbnail using Thumbnail DAM Rendition in XLG" classname="specs.component.content.download.DownloadScreenshotSpec" time="4.418"/>
  <testcase name="Appearance of Component Variant: Card with Thumbnail using Thumbnail DAM Rendition in XXLG" classname="specs.component.content.download.DownloadScreenshotSpec" time="4.621"/>
  <testcase name="Appearance of Component Variant: Simple with Custom Thumbnail Rendition in XS" classname="specs.component.content.download.DownloadScreenshotSpec" time="2.854"/>
  <testcase name="Appearance of Component Variant: Simple with Custom Thumbnail Rendition in SM" classname="specs.component.content.download.DownloadScreenshotSpec" time="3.095"/>
  <testcase name="Appearance of Component Variant: Simple with Custom Thumbnail Rendition in MD" classname="specs.component.content.download.DownloadScreenshotSpec" time="3.691"/>
  <testcase name="Appearance of Component Variant: Simple with Custom Thumbnail Rendition in LG" classname="specs.component.content.download.DownloadScreenshotSpec" time="4.544"/>
  <testcase name="Appearance of Component Variant: Simple with Custom Thumbnail Rendition in XLG" classname="specs.component.content.download.DownloadScreenshotSpec" time="4.58"/>
  <testcase name="Appearance of Component Variant: Simple with Custom Thumbnail Rendition in XXLG" classname="specs.component.content.download.DownloadScreenshotSpec" time="5.266"/>
  <testcase name="Appearance of Component Variant: Card with Custom Thumbnail Rendition in XS" classname="specs.component.content.download.DownloadScreenshotSpec" time="3.039"/>
  <testcase name="Appearance of Component Variant: Card with Custom Thumbnail Rendition in SM" classname="specs.component.content.download.DownloadScreenshotSpec" time="3.127"/>
  <testcase name="Appearance of Component Variant: Card with Custom Thumbnail Rendition in MD" classname="specs.component.content.download.DownloadScreenshotSpec" time="3.666"/>
  <testcase name="Appearance of Component Variant: Card with Custom Thumbnail Rendition in LG" classname="specs.component.content.download.DownloadScreenshotSpec" time="4.525"/>
  <testcase name="Appearance of Component Variant: Card with Custom Thumbnail Rendition in XLG" classname="specs.component.content.download.DownloadScreenshotSpec" time="4.631"/>
  <testcase name="Appearance of Component Variant: Card with Custom Thumbnail Rendition in XXLG" classname="specs.component.content.download.DownloadScreenshotSpec" time="5.328"/>
  <testcase name="Appearance of Component Variant: Simple with Thumbnail using Asset DAM Rendition and Width Set Icon in XS" classname="specs.component.content.download.DownloadScreenshotSpec" time="2.773"/>
  <testcase name="Appearance of Component Variant: Simple with Thumbnail using Asset DAM Rendition and Width Set Icon in SM" classname="specs.component.content.download.DownloadScreenshotSpec" time="3.39"/>
  <testcase name="Appearance of Component Variant: Simple with Thumbnail using Asset DAM Rendition and Width Set Icon in MD" classname="specs.component.content.download.DownloadScreenshotSpec" time="5.545"/>
  <testcase name="Appearance of Component Variant: Simple with Thumbnail using Asset DAM Rendition and Width Set Icon in LG" classname="specs.component.content.download.DownloadScreenshotSpec" time="6.378"/>
  <testcase name="Appearance of Component Variant: Simple with Thumbnail using Asset DAM Rendition and Width Set Icon in XLG" classname="specs.component.content.download.DownloadScreenshotSpec" time="6.708"/>
  <testcase name="Appearance of Component Variant: Simple with Thumbnail using Asset DAM Rendition and Width Set Icon in XXLG" classname="specs.component.content.download.DownloadScreenshotSpec" time="6.874"/>
  <testcase name="Appearance of Component Variant: Simple with Thumbnail using Asset DAM Rendition and Height Set Icon in XS" classname="specs.component.content.download.DownloadScreenshotSpec" time="2.699"/>
  <testcase name="Appearance of Component Variant: Simple with Thumbnail using Asset DAM Rendition and Height Set Icon in SM" classname="specs.component.content.download.DownloadScreenshotSpec" time="3.004"/>
  <testcase name="Appearance of Component Variant: Simple with Thumbnail using Asset DAM Rendition and Height Set Icon in MD" classname="specs.component.content.download.DownloadScreenshotSpec" time="3.081"/>
  <testcase name="Appearance of Component Variant: Simple with Thumbnail using Asset DAM Rendition and Height Set Icon in LG" classname="specs.component.content.download.DownloadScreenshotSpec" time="3.358"/>
  <testcase name="Appearance of Component Variant: Simple with Thumbnail using Asset DAM Rendition and Height Set Icon in XLG" classname="specs.component.content.download.DownloadScreenshotSpec" time="3.537"/>
  <testcase name="Appearance of Component Variant: Simple with Thumbnail using Asset DAM Rendition and Height Set Icon in XXLG" classname="specs.component.content.download.DownloadScreenshotSpec" time="3.704"/>
</testsuite>