<?xml version="1.0" encoding="UTF-8"?>
<testsuite xmlns:xsi="http://www.w3.org/2001/XMLSchema-instance" xsi:noNamespaceSchemaLocation="https://maven.apache.org/surefire/maven-surefire-plugin/xsd/surefire-test-report-3.0.xsd" version="3.0" name="specs.component.lists.pagelist.PageListScreenshotSpec" time="850.139" tests="126" errors="0" skipped="0" failures="0">
  <properties>
[...]
</properties>
  <testcase name="Appearance of Component with Default variant and Default Badge in XS" classname="specs.component.lists.pagelist.PageListScreenshotSpec" time="4.854"/>
  <testcase name="Appearance of Component with Default variant and Default Badge in SM" classname="specs.component.lists.pagelist.PageListScreenshotSpec" time="4.682"/>
  <testcase name="Appearance of Component with Default variant and Default Badge in MD" classname="specs.component.lists.pagelist.PageListScreenshotSpec" time="4.843"/>
  <testcase name="Appearance of Component with Default variant and Default Badge in LG" classname="specs.component.lists.pagelist.PageListScreenshotSpec" time="4.953"/>
  <testcase name="Appearance of Component with Default variant and Default Badge in XLG" classname="specs.component.lists.pagelist.PageListScreenshotSpec" time="5.179"/>
  <testcase name="Appearance of Component with Default variant and Default Badge in XXLG" classname="specs.component.lists.pagelist.PageListScreenshotSpec" time="5.376"/>
  <testcase name="Appearance of Component with Default variant and Icon Badge in XS" classname="specs.component.lists.pagelist.PageListScreenshotSpec" time="4.65"/>
  <testcase name="Appearance of Component with Default variant and Icon Badge in SM" classname="specs.component.lists.pagelist.PageListScreenshotSpec" time="4.609"/>
  <testcase name="Appearance of Component with Default variant and Icon Badge in MD" classname="specs.component.lists.pagelist.PageListScreenshotSpec" time="4.589"/>
  <testcase name="Appearance of Component with Default variant and Icon Badge in LG" classname="specs.component.lists.pagelist.PageListScreenshotSpec" time="4.942"/>
  <testcase name="Appearance of Component with Default variant and Icon Badge in XLG" classname="specs.component.lists.pagelist.PageListScreenshotSpec" time="5.216"/>
  <testcase name="Appearance of Component with Default variant and Icon Badge in XXLG" classname="specs.component.lists.pagelist.PageListScreenshotSpec" time="5.118"/>
  <testcase name="Appearance of Component with Default variant and Image Badge in XS" classname="specs.component.lists.pagelist.PageListScreenshotSpec" time="5.383"/>
  <testcase name="Appearance of Component with Default variant and Image Badge in SM" classname="specs.component.lists.pagelist.PageListScreenshotSpec" time="4.907"/>
  <testcase name="Appearance of Component with Default variant and Image Badge in MD" classname="specs.component.lists.pagelist.PageListScreenshotSpec" time="6.291"/>
  <testcase name="Appearance of Component with Default variant and Image Badge in LG" classname="specs.component.lists.pagelist.PageListScreenshotSpec" time="6.901"/>
  <testcase name="Appearance of Component with Default variant and Image Badge in XLG" classname="specs.component.lists.pagelist.PageListScreenshotSpec" time="6.809"/>
  <testcase name="Appearance of Component with Default variant and Image Badge in XXLG" classname="specs.component.lists.pagelist.PageListScreenshotSpec" time="7.464"/>
  <testcase name="Appearance of Component with Default variant and Card Badge in XS" classname="specs.component.lists.pagelist.PageListScreenshotSpec" time="4.772"/>
  <testcase name="Appearance of Component with Default variant and Card Badge in SM" classname="specs.component.lists.pagelist.PageListScreenshotSpec" time="5.432"/>
  <testcase name="Appearance of Component with Default variant and Card Badge in MD" classname="specs.component.lists.pagelist.PageListScreenshotSpec" time="6.242"/>
  <testcase name="Appearance of Component with Default variant and Card Badge in LG" classname="specs.component.lists.pagelist.PageListScreenshotSpec" time="6.593"/>
  <testcase name="Appearance of Component with Default variant and Card Badge in XLG" classname="specs.component.lists.pagelist.PageListScreenshotSpec" time="7.016"/>
  <testcase name="Appearance of Component with Default variant and Card Badge in XXLG" classname="specs.component.lists.pagelist.PageListScreenshotSpec" time="7.714"/>
  <testcase name="Appearance of Component with Basic list with links in XS" classname="specs.component.lists.pagelist.PageListScreenshotSpec" time="4.54"/>
  <testcase name="Appearance of Component with Basic list with links in SM" classname="specs.component.lists.pagelist.PageListScreenshotSpec" time="4.819"/>
  <testcase name="Appearance of Component with Basic list with links in MD" classname="specs.component.lists.pagelist.PageListScreenshotSpec" time="4.92"/>
  <testcase name="Appearance of Component with Basic list with links in LG" classname="specs.component.lists.pagelist.PageListScreenshotSpec" time="4.979"/>
  <testcase name="Appearance of Component with Basic list with links in XLG" classname="specs.component.lists.pagelist.PageListScreenshotSpec" time="5.304"/>
  <testcase name="Appearance of Component with Basic list with links in XXLG" classname="specs.component.lists.pagelist.PageListScreenshotSpec" time="5.656"/>
  <testcase name="Appearance of Component with Basic list with links inline in XS" classname="specs.component.lists.pagelist.PageListScreenshotSpec" time="4.422"/>
  <testcase name="Appearance of Component with Basic list with links inline in SM" classname="specs.component.lists.pagelist.PageListScreenshotSpec" time="4.757"/>
  <testcase name="Appearance of Component with Basic list with links inline in MD" classname="specs.component.lists.pagelist.PageListScreenshotSpec" time="4.717"/>
  <testcase name="Appearance of Component with Basic list with links inline in LG" classname="specs.component.lists.pagelist.PageListScreenshotSpec" time="4.871"/>
  <testcase name="Appearance of Component with Basic list with links inline in XLG" classname="specs.component.lists.pagelist.PageListScreenshotSpec" time="5.274"/>
  <testcase name="Appearance of Component with Basic list with links inline in XXLG" classname="specs.component.lists.pagelist.PageListScreenshotSpec" time="5.635"/>
  <testcase name="Appearance of Component as a Carousel in XS" classname="specs.component.lists.pagelist.PageListScreenshotSpec" time="5.048"/>
  <testcase name="Appearance of Component as a Carousel in SM" classname="specs.component.lists.pagelist.PageListScreenshotSpec" time="5.206"/>
  <testcase name="Appearance of Component as a Carousel in MD" classname="specs.component.lists.pagelist.PageListScreenshotSpec" time="6.013"/>
  <testcase name="Appearance of Component as a Carousel in LG" classname="specs.component.lists.pagelist.PageListScreenshotSpec" time="6.951"/>
  <testcase name="Appearance of Component as a Carousel in XLG" classname="specs.component.lists.pagelist.PageListScreenshotSpec" time="7.112"/>
  <testcase name="Appearance of Component as a Carousel in XXLG" classname="specs.component.lists.pagelist.PageListScreenshotSpec" time="7.56"/>
  <testcase name="Appearance of Component as Medium Cards in XS" classname="specs.component.lists.pagelist.PageListScreenshotSpec" time="4.933"/>
  <testcase name="Appearance of Component as Medium Cards in SM" classname="specs.component.lists.pagelist.PageListScreenshotSpec" time="5.86"/>
  <testcase name="Appearance of Component as Medium Cards in MD" classname="specs.component.lists.pagelist.PageListScreenshotSpec" time="5.464"/>
  <testcase name="Appearance of Component as Medium Cards in LG" classname="specs.component.lists.pagelist.PageListScreenshotSpec" time="5.71"/>
  <testcase name="Appearance of Component as Medium Cards in XLG" classname="specs.component.lists.pagelist.PageListScreenshotSpec" time="6.138"/>
  <testcase name="Appearance of Component as Medium Cards in XXLG" classname="specs.component.lists.pagelist.PageListScreenshotSpec" time="6.309"/>
  <testcase name="Appearance of Component as Medium Cards Tall in XS" classname="specs.component.lists.pagelist.PageListScreenshotSpec" time="5.122"/>
  <testcase name="Appearance of Component as Medium Cards Tall in SM" classname="specs.component.lists.pagelist.PageListScreenshotSpec" time="5.46"/>
  <testcase name="Appearance of Component as Medium Cards Tall in MD" classname="specs.component.lists.pagelist.PageListScreenshotSpec" time="5.987"/>
  <testcase name="Appearance of Component as Medium Cards Tall in LG" classname="specs.component.lists.pagelist.PageListScreenshotSpec" time="5.903"/>
  <testcase name="Appearance of Component as Medium Cards Tall in XLG" classname="specs.component.lists.pagelist.PageListScreenshotSpec" time="6.033"/>
  <testcase name="Appearance of Component as Medium Cards Tall in XXLG" classname="specs.component.lists.pagelist.PageListScreenshotSpec" time="6.124"/>
  <testcase name="Appearance of Component as Medium Cards (flush side-by-side) in XS" classname="specs.component.lists.pagelist.PageListScreenshotSpec" time="5.313"/>
  <testcase name="Appearance of Component as Medium Cards (flush side-by-side) in SM" classname="specs.component.lists.pagelist.PageListScreenshotSpec" time="5.19"/>
  <testcase name="Appearance of Component as Medium Cards (flush side-by-side) in MD" classname="specs.component.lists.pagelist.PageListScreenshotSpec" time="5.757"/>
  <testcase name="Appearance of Component as Medium Cards (flush side-by-side) in LG" classname="specs.component.lists.pagelist.PageListScreenshotSpec" time="5.771"/>
  <testcase name="Appearance of Component as Medium Cards (flush side-by-side) in XLG" classname="specs.component.lists.pagelist.PageListScreenshotSpec" time="5.899"/>
  <testcase name="Appearance of Component as Medium Cards (flush side-by-side) in XXLG" classname="specs.component.lists.pagelist.PageListScreenshotSpec" time="6.51"/>
  <testcase name="Appearance of Component as Large Card in XS" classname="specs.component.lists.pagelist.PageListScreenshotSpec" time="4.927"/>
  <testcase name="Appearance of Component as Large Card in SM" classname="specs.component.lists.pagelist.PageListScreenshotSpec" time="5"/>
  <testcase name="Appearance of Component as Large Card in MD" classname="specs.component.lists.pagelist.PageListScreenshotSpec" time="5.752"/>
  <testcase name="Appearance of Component as Large Card in LG" classname="specs.component.lists.pagelist.PageListScreenshotSpec" time="5.233"/>
  <testcase name="Appearance of Component as Large Card in XLG" classname="specs.component.lists.pagelist.PageListScreenshotSpec" time="5.412"/>
  <testcase name="Appearance of Component as Large Card in XXLG" classname="specs.component.lists.pagelist.PageListScreenshotSpec" time="5.996"/>
  <testcase name="Appearance of Component as Promoted Cards in XS" classname="specs.component.lists.pagelist.PageListScreenshotSpec" time="4.548"/>
  <testcase name="Appearance of Component as Promoted Cards in SM" classname="specs.component.lists.pagelist.PageListScreenshotSpec" time="4.765"/>
  <testcase name="Appearance of Component as Promoted Cards in MD" classname="specs.component.lists.pagelist.PageListScreenshotSpec" time="5.148"/>
  <testcase name="Appearance of Component as Promoted Cards in LG" classname="specs.component.lists.pagelist.PageListScreenshotSpec" time="5.281"/>
  <testcase name="Appearance of Component as Promoted Cards in XLG" classname="specs.component.lists.pagelist.PageListScreenshotSpec" time="5.279"/>
  <testcase name="Appearance of Component as Promoted Cards in XXLG" classname="specs.component.lists.pagelist.PageListScreenshotSpec" time="5.613"/>
  <testcase name="Badge: Card Coloured with Image, Title, Subtitle, Description and Action in XS" classname="specs.component.lists.pagelist.PageListScreenshotSpec" time="4.967"/>
  <testcase name="Badge: Card Coloured with Image, Title, Subtitle, Description and Action in SM" classname="specs.component.lists.pagelist.PageListScreenshotSpec" time="5.225"/>
  <testcase name="Badge: Card Coloured with Image, Title, Subtitle, Description and Action in MD" classname="specs.component.lists.pagelist.PageListScreenshotSpec" time="5.857"/>
  <testcase name="Badge: Card Coloured with Image, Title, Subtitle, Description and Action in LG" classname="specs.component.lists.pagelist.PageListScreenshotSpec" time="6.185"/>
  <testcase name="Badge: Card Coloured with Image, Title, Subtitle, Description and Action in XLG" classname="specs.component.lists.pagelist.PageListScreenshotSpec" time="6.595"/>
  <testcase name="Badge: Card Coloured with Image, Title, Subtitle, Description and Action in XXLG" classname="specs.component.lists.pagelist.PageListScreenshotSpec" time="6.788"/>
  <testcase name="Badge: Card with Image, Title and Action in XS" classname="specs.component.lists.pagelist.PageListScreenshotSpec" time="5.245"/>
  <testcase name="Badge: Card with Image, Title and Action in SM" classname="specs.component.lists.pagelist.PageListScreenshotSpec" time="5.281"/>
  <testcase name="Badge: Card with Image, Title and Action in MD" classname="specs.component.lists.pagelist.PageListScreenshotSpec" time="5.747"/>
  <testcase name="Badge: Card with Image, Title and Action in LG" classname="specs.component.lists.pagelist.PageListScreenshotSpec" time="5.616"/>
  <testcase name="Badge: Card with Image, Title and Action in XLG" classname="specs.component.lists.pagelist.PageListScreenshotSpec" time="5.891"/>
  <testcase name="Badge: Card with Image, Title and Action in XXLG" classname="specs.component.lists.pagelist.PageListScreenshotSpec" time="6.415"/>
  <testcase name="Badge: Card with Image, Title and Action and Card Style set to outline with override on Badge CTA in XS" classname="specs.component.lists.pagelist.PageListScreenshotSpec" time="5.168"/>
  <testcase name="Badge: Card with Image, Title and Action and Card Style set to outline with override on Badge CTA in SM" classname="specs.component.lists.pagelist.PageListScreenshotSpec" time="5.4"/>
  <testcase name="Badge: Card with Image, Title and Action and Card Style set to outline with override on Badge CTA in MD" classname="specs.component.lists.pagelist.PageListScreenshotSpec" time="5.984"/>
  <testcase name="Badge: Card with Image, Title and Action and Card Style set to outline with override on Badge CTA in LG" classname="specs.component.lists.pagelist.PageListScreenshotSpec" time="5.762"/>
  <testcase name="Badge: Card with Image, Title and Action and Card Style set to outline with override on Badge CTA in XLG" classname="specs.component.lists.pagelist.PageListScreenshotSpec" time="6.149"/>
  <testcase name="Badge: Card with Image, Title and Action and Card Style set to outline with override on Badge CTA in XXLG" classname="specs.component.lists.pagelist.PageListScreenshotSpec" time="6.182"/>
  <testcase name="Badge: Card with Image, Title and Action and Card Style set to outline in XS" classname="specs.component.lists.pagelist.PageListScreenshotSpec" time="5.328"/>
  <testcase name="Badge: Card with Image, Title and Action and Card Style set to outline in SM" classname="specs.component.lists.pagelist.PageListScreenshotSpec" time="5.415"/>
  <testcase name="Badge: Card with Image, Title and Action and Card Style set to outline in MD" classname="specs.component.lists.pagelist.PageListScreenshotSpec" time="5.906"/>
  <testcase name="Badge: Card with Image, Title and Action and Card Style set to outline in LG" classname="specs.component.lists.pagelist.PageListScreenshotSpec" time="6.67"/>
  <testcase name="Badge: Card with Image, Title and Action and Card Style set to outline in XLG" classname="specs.component.lists.pagelist.PageListScreenshotSpec" time="10.167"/>
  <testcase name="Badge: Card with Image, Title and Action and Card Style set to outline in XXLG" classname="specs.component.lists.pagelist.PageListScreenshotSpec" time="13.976"/>
  <testcase name="Badge: Card with Title, Description and Action without Override in XS" classname="specs.component.lists.pagelist.PageListScreenshotSpec" time="11.132"/>
  <testcase name="Badge: Card with Title, Description and Action without Override in SM" classname="specs.component.lists.pagelist.PageListScreenshotSpec" time="10.501"/>
  <testcase name="Badge: Card with Title, Description and Action without Override in MD" classname="specs.component.lists.pagelist.PageListScreenshotSpec" time="10.407"/>
  <testcase name="Badge: Card with Title, Description and Action without Override in LG" classname="specs.component.lists.pagelist.PageListScreenshotSpec" time="9.297"/>
  <testcase name="Badge: Card with Title, Description and Action without Override in XLG" classname="specs.component.lists.pagelist.PageListScreenshotSpec" time="9.469"/>
  <testcase name="Badge: Card with Title, Description and Action without Override in XXLG" classname="specs.component.lists.pagelist.PageListScreenshotSpec" time="10.106"/>
  <testcase name="Badge: Selectable Card with Title, Tags and Description in XS" classname="specs.component.lists.pagelist.PageListScreenshotSpec" time="9.317"/>
  <testcase name="Badge: Selectable Card with Title, Tags and Description in SM" classname="specs.component.lists.pagelist.PageListScreenshotSpec" time="9.315"/>
  <testcase name="Badge: Selectable Card with Title, Tags and Description in MD" classname="specs.component.lists.pagelist.PageListScreenshotSpec" time="10.816"/>
  <testcase name="Badge: Selectable Card with Title, Tags and Description in LG" classname="specs.component.lists.pagelist.PageListScreenshotSpec" time="10.61"/>
  <testcase name="Badge: Selectable Card with Title, Tags and Description in XLG" classname="specs.component.lists.pagelist.PageListScreenshotSpec" time="12.281"/>
  <testcase name="Badge: Selectable Card with Title, Tags and Description in XXLG" classname="specs.component.lists.pagelist.PageListScreenshotSpec" time="12.03"/>
  <testcase name="Badge: Card with Image, Title and Description in XS" classname="specs.component.lists.pagelist.PageListScreenshotSpec" time="9.343"/>
  <testcase name="Badge: Card with Image, Title and Description in SM" classname="specs.component.lists.pagelist.PageListScreenshotSpec" time="10.308"/>
  <testcase name="Badge: Card with Image, Title and Description in MD" classname="specs.component.lists.pagelist.PageListScreenshotSpec" time="11.01"/>
  <testcase name="Badge: Card with Image, Title and Description in LG" classname="specs.component.lists.pagelist.PageListScreenshotSpec" time="11.417"/>
  <testcase name="Badge: Card with Image, Title and Description in XLG" classname="specs.component.lists.pagelist.PageListScreenshotSpec" time="11.669"/>
  <testcase name="Badge: Card with Image, Title and Description in XXLG" classname="specs.component.lists.pagelist.PageListScreenshotSpec" time="12.342"/>
  <testcase name="Badge: Card with Icon and Description in XS" classname="specs.component.lists.pagelist.PageListScreenshotSpec" time="8.628"/>
  <testcase name="Badge: Card with Icon and Description in SM" classname="specs.component.lists.pagelist.PageListScreenshotSpec" time="9.839"/>
  <testcase name="Badge: Card with Icon and Description in MD" classname="specs.component.lists.pagelist.PageListScreenshotSpec" time="8.923"/>
  <testcase name="Badge: Card with Icon and Description in LG" classname="specs.component.lists.pagelist.PageListScreenshotSpec" time="9.487"/>
  <testcase name="Badge: Card with Icon and Description in XLG" classname="specs.component.lists.pagelist.PageListScreenshotSpec" time="9.863"/>
  <testcase name="Badge: Card with Icon and Description in XXLG" classname="specs.component.lists.pagelist.PageListScreenshotSpec" time="10.424"/>
  <testcase name="Badge: Card with Icon in XS" classname="specs.component.lists.pagelist.PageListScreenshotSpec" time="7.808"/>
  <testcase name="Badge: Card with Icon in SM" classname="specs.component.lists.pagelist.PageListScreenshotSpec" time="7.892"/>
  <testcase name="Badge: Card with Icon in MD" classname="specs.component.lists.pagelist.PageListScreenshotSpec" time="8.258"/>
  <testcase name="Badge: Card with Icon in LG" classname="specs.component.lists.pagelist.PageListScreenshotSpec" time="8.451"/>
  <testcase name="Badge: Card with Icon in XLG" classname="specs.component.lists.pagelist.PageListScreenshotSpec" time="8.75"/>
  <testcase name="Badge: Card with Icon in XXLG" classname="specs.component.lists.pagelist.PageListScreenshotSpec" time="9.732"/>
</testsuite>