<?xml version="1.0" encoding="UTF-8"?>
<testsuite xmlns:xsi="http://www.w3.org/2001/XMLSchema-instance" xsi:noNamespaceSchemaLocation="https://maven.apache.org/surefire/maven-surefire-plugin/xsd/surefire-test-report-3.0.xsd" version="3.0" name="specs.component.lists.langnav.LangNavScreenshotSpec" time="16.536" tests="6" errors="0" skipped="0" failures="0">
  <properties>
[...]
</properties>
  <testcase name="Appearance of Component Variant: Default with Fixed List in XS" classname="specs.component.lists.langnav.LangNavScreenshotSpec" time="2.561"/>
  <testcase name="Appearance of Component Variant: Default with Fixed List in SM" classname="specs.component.lists.langnav.LangNavScreenshotSpec" time="2.481"/>
  <testcase name="Appearance of Component Variant: Default with Fixed List in MD" classname="specs.component.lists.langnav.LangNavScreenshotSpec" time="2.673"/>
  <testcase name="Appearance of Component Variant: Default with Fixed List in LG" classname="specs.component.lists.langnav.LangNavScreenshotSpec" time="2.655"/>
  <testcase name="Appearance of Component Variant: Default with Fixed List in XLG" classname="specs.component.lists.langnav.LangNavScreenshotSpec" time="2.828"/>
  <testcase name="Appearance of Component Variant: Default with Fixed List in XXLG" classname="specs.component.lists.langnav.LangNavScreenshotSpec" time="3.337"/>
</testsuite>